<?xml version="1.0" encoding="UTF-8"?>
<TestRun id="a561b8d0-ed1e-4f04-9584-8e6a9cb55b71" name="Wangsong@WANGSONG-PC 2013-01-28 21:02:30" runUser="Wangsong-PC\Wangsong" xmlns="http://microsoft.com/schemas/VisualStudio/TeamTest/2010">
  <TestSettings name="本地" id="5a90e3fc-bbcb-4d58-a74b-d117d43c1917">
    <Description>这些设置为本地测试运行的默认测试设置。</Description>
    <Deployment userDeploymentRoot="C:\Users\Wangsong\documents\visual studio 2010\Projects\Brilliantech.MonoScmPrinter\TestResults" useDefaultDeploymentRoot="false" enabled="false" runDeploymentRoot="Wangsong_WANGSONG-PC 2013-01-28 21_02_30">
      <DeploymentItem filename="D:\File\DLL\ICSharpCode.SharpZipLib.dll" />
      <DeploymentItem filename="C:\Users\Wangsong\documents\visual studio 2010\Projects\Brilliantech.MonoScmPrinter\Brilliantech.MonoScmPrinter.ClientCL\bin\Debug\Brilliantech.MonoScmPrinter.ClientCL.dll" />
      <DeploymentItem filename="C:\Users\Wangsong\documents\visual studio 2010\Projects\Brilliantech.MonoScmPrinter\Brilliantech.ReportGenConnector\bin\Debug\Brilliantech.ReportGenConnector.dll" />
      <DeploymentItem filename="C:\Users\Wangsong\documents\visual studio 2010\Projects\Brilliantech.MonoScmPrinter\Brilliantech.MonoScmPrinter.Service\bin\Debug\MonoScmPrinterService.dll" />
      <DeploymentItem filename="C:\Users\Wangsong\documents\visual studio 2010\Projects\Brilliantech.MonoScmPrinter\Brilliantech.MonoScmPrinter.BaseCL\bin\Debug\Brilliantech.MonoScmPrinter.BaseCL.dll" />
    </Deployment>
    <Execution>
      <TestTypeSpecific />
      <AgentRule name="Execution Agents">
      </AgentRule>
    </Execution>
  </TestSettings>
  <Times creation="2013-01-28T21:02:30.1350000+08:00" queuing="2013-01-28T21:02:30.1350000+08:00" start="2013-01-28T21:02:30.1350000+08:00" finish="2013-01-28T21:02:51.1670000+08:00" />
  <ResultSummary outcome="Error">
    <Counters total="1" error="0" failed="0" timeout="0" aborted="0" inconclusive="0" passedButRunAborted="0" notRunnable="0" notExecuted="1" disconnected="0" warning="0" passed="0" completed="0" inProgress="0" pending="0" />
    <RunInfos>
      <RunInfo computerName="WANGSONG-PC" outcome="Error" timestamp="2013-01-28T21:02:51.1250000+08:00">
        <Text>未能对测试运行“Wangsong@WANGSONG-PC 2013-01-28 21:02:30”进行排队: 无法启动程序“C:\Program Files\Microsoft Visual Studio 10.0\Common7\IDE\QTAgent32.exe”。

</Text>
        <Exception>System.Runtime.InteropServices.COMException (0x89710016): 无法启动程序“C:\Program Files\Microsoft Visual Studio 10.0\Common7\IDE\QTAgent32.exe”。


   在 System.Windows.Forms.Control.MarshaledInvoke(Control caller, Delegate method, Object[] args, Boolean synchronous)
   在 System.Windows.Forms.Control.Invoke(Delegate method, Object[] args)
   在 Microsoft.VisualStudio.TestTools.TestCaseManagement.UIThreadInvoker.Invoke(Delegate method, Object[] args)
   在 Microsoft.VisualStudio.TestTools.TestCaseManagement.SolutionIntegrationManager.DebugTarget(DebugInfo debugInfo, Boolean prepareEnvironment)
   在 Microsoft.VisualStudio.TestTools.Agent.DebugProcessLauncher.Launch(String exeFileName, String args, String workingDir, IEnumerable`1 environmentVariables, EventHandler processExitedHandler, Process&amp; process)
   在 Microsoft.VisualStudio.TestTools.Agent.OutOfProcessStrategy.LaunchProcessHelper(AgentProcessStartupInfo agentProcessStartupInfo)
   在 Microsoft.VisualStudio.TestTools.Agent.OutOfProcessStrategy.StartAgentProcess(AgentProcessStartupInfo agentProcessStartupInfo, Boolean restarting)
   在 Microsoft.VisualStudio.TestTools.Agent.OutOfProcessStrategy.StartAgentProcess(AgentProcessStartupInfo agentProcessStartupInfo)
   在 Microsoft.VisualStudio.TestTools.Agent.AgentProxy.StartAgentProcess(AgentProcessStartupInfo agentProcessStartupInfo)
   在 Microsoft.VisualStudio.TestTools.Agent.AgentProcessProxyManager.StartTestAgentProcesses(AgentProcessStartupInfo agentProcessStartupInfo)
   在 Microsoft.VisualStudio.TestTools.Agent.AgentProcessManager.StartAgentProcess(AgentProcessStartupInfo agentProcessStartupInfo, Boolean startDataCollectionAgent)
   在 Microsoft.VisualStudio.TestTools.Agent.AgentProcessManager.StartAgentProcess(AgentProcessStartupInfo agentProcessStartupInfo, TestRunConfiguration testRunConfiguration)
   在 Microsoft.VisualStudio.TestTools.TestManagement.LocalControllerProxy.StartProcess(TestRun run)
   在 Microsoft.VisualStudio.TestTools.TestManagement.LocalControllerProxy.PrepareProcess(TestRun run)
   在 Microsoft.VisualStudio.TestTools.TestManagement.LocalControllerProxy.InitializeController(TestRun run)
   在 Microsoft.VisualStudio.TestTools.TestManagement.ControllerProxy.QueueTestRunWorker(Object state)</Exception>
      </RunInfo>
    </RunInfos>
  </ResultSummary>
  <TestDefinitions>
    <UnitTest name="PrintTest" storage="c:\users\wangsong\documents\visual studio 2010\projects\brilliantech.monoscmprinter\brilliantech.monoscmprinter.testproject\bin\debug\brilliantech.monoscmprinter.testproject.dll" id="406a31a1-cd1c-6804-ea09-c3fa300d69ee">
      <Execution id="a1341fab-8d35-414f-a21c-adbcddd41a54" />
      <TestMethod codeBase="C:/Users/Wangsong/documents/visual studio 2010/Projects/Brilliantech.MonoScmPrinter/Brilliantech.MonoScmPrinter.TestProject/bin/Debug/Brilliantech.MonoScmPrinter.TestProject.DLL" adapterTypeName="Microsoft.VisualStudio.TestTools.TestTypes.Unit.UnitTestAdapter, Microsoft.VisualStudio.QualityTools.Tips.UnitTest.Adapter, Version=10.0.0.0, Culture=neutral, PublicKeyToken=b03f5f7f11d50a3a" className="Brilliantech.MonoScmPrinter.TestProject.GenPrinterTest, Brilliantech.MonoScmPrinter.TestProject, Version=1.0.0.0, Culture=neutral, PublicKeyToken=null" name="PrintTest" />
    </UnitTest>
  </TestDefinitions>
  <TestLists>
    <TestList name="列表中未列出的结果" id="8c84fa94-04c1-424b-9868-57a2d4851a1d" />
    <TestList name="所有已加载的结果" id="19431567-8539-422a-85d7-44ee4e166bda" />
  </TestLists>
  <TestEntries>
    <TestEntry testId="406a31a1-cd1c-6804-ea09-c3fa300d69ee" executionId="64a38ef6-aeb3-4281-8cd2-f677542c27cd" testListId="8c84fa94-04c1-424b-9868-57a2d4851a1d" />
  </TestEntries>
  <Results>
    <UnitTestResult executionId="64a38ef6-aeb3-4281-8cd2-f677542c27cd" testId="406a31a1-cd1c-6804-ea09-c3fa300d69ee" testName="PrintTest" computerName="WANGSONG-PC" testType="13cdc9d9-ddb5-4fa4-a97d-d965ccfc6d4b" outcome="NotExecuted" testListId="8c84fa94-04c1-424b-9868-57a2d4851a1d" relativeResultsDirectory="64a38ef6-aeb3-4281-8cd2-f677542c27cd">
    </UnitTestResult>
  </Results>
</TestRun>