<?xml version="1.0" encoding="UTF-8"?>
<TestRun id="62924fcd-1fb4-4a9a-9a51-40bb579214d6" name="Wangsong@WANGSONG-PC 2013-01-28 10:22:14" runUser="Wangsong-PC\Wangsong" xmlns="http://microsoft.com/schemas/VisualStudio/TeamTest/2010">
  <TestSettings name="本地" id="5a90e3fc-bbcb-4d58-a74b-d117d43c1917">
    <Description>这些设置为本地测试运行的默认测试设置。</Description>
    <Deployment enabled="false" runDeploymentRoot="Wangsong_WANGSONG-PC 2013-01-28 10_22_14">
      <DeploymentItem filename="D:\File\DLL\ICSharpCode.SharpZipLib.dll" />
      <DeploymentItem filename="C:\Users\Wangsong\documents\visual studio 2010\Projects\Brilliantech.MonoScmPrinter\Brilliantech.MonoScmPrinter.Service\bin\Debug\MonoScmPrinterService.dll" />
      <DeploymentItem filename="C:\Users\Wangsong\documents\visual studio 2010\Projects\Brilliantech.MonoScmPrinter\Brilliantech.MonoScmPrinter.ClientCL\bin\Debug\Brilliantech.MonoScmPrinter.ClientCL.dll" />
      <DeploymentItem filename="C:\Users\Wangsong\documents\visual studio 2010\Projects\Brilliantech.MonoScmPrinter\Brilliantech.MonoScmPrinter.BaseCL\bin\Debug\Brilliantech.MonoScmPrinter.BaseCL.dll" />
      <DeploymentItem filename="C:\Users\Wangsong\documents\visual studio 2010\Projects\Brilliantech.MonoScmPrinter\Brilliantech.ReportGenConnector\bin\Debug\Brilliantech.ReportGenConnector.dll" />
    </Deployment>
    <Execution>
      <TestTypeSpecific />
      <AgentRule name="Execution Agents">
      </AgentRule>
    </Execution>
  </TestSettings>
  <Times creation="2013-01-28T10:22:14.8440000+08:00" queuing="2013-01-28T10:22:15.2980000+08:00" start="2013-01-28T10:22:16.9390000+08:00" finish="2013-01-28T10:22:24.9690000+08:00" />
  <ResultSummary outcome="Completed">
    <Counters total="1" executed="1" passed="1" error="0" failed="0" timeout="0" aborted="0" inconclusive="0" passedButRunAborted="0" notRunnable="0" notExecuted="0" disconnected="0" warning="0" completed="0" inProgress="0" pending="0" />
  </ResultSummary>
  <TestDefinitions>
    <UnitTest name="DnPackageListTest" storage="c:\users\wangsong\documents\visual studio 2010\projects\brilliantech.monoscmprinter\brilliantech.monoscmprinter.testproject\bin\debug\brilliantech.monoscmprinter.testproject.dll" id="9e19f2cb-56cb-46d1-725e-4510e488e06a">
      <Execution id="eea41832-8a1a-4581-b59b-86b8d2bd19ad" />
      <TestMethod codeBase="C:/Users/Wangsong/documents/visual studio 2010/Projects/Brilliantech.MonoScmPrinter/Brilliantech.MonoScmPrinter.TestProject/bin/Debug/Brilliantech.MonoScmPrinter.TestProject.DLL" adapterTypeName="Microsoft.VisualStudio.TestTools.TestTypes.Unit.UnitTestAdapter, Microsoft.VisualStudio.QualityTools.Tips.UnitTest.Adapter, Version=10.0.0.0, Culture=neutral, PublicKeyToken=b03f5f7f11d50a3a" className="Brilliantech.MonoScmPrinter.TestProject.RestDeliveryTest, Brilliantech.MonoScmPrinter.TestProject, Version=1.0.0.0, Culture=neutral, PublicKeyToken=null" name="DnPackageListTest" />
    </UnitTest>
  </TestDefinitions>
  <TestLists>
    <TestList name="列表中未列出的结果" id="8c84fa94-04c1-424b-9868-57a2d4851a1d" />
    <TestList name="所有已加载的结果" id="19431567-8539-422a-85d7-44ee4e166bda" />
  </TestLists>
  <TestEntries>
    <TestEntry testId="9e19f2cb-56cb-46d1-725e-4510e488e06a" executionId="eea41832-8a1a-4581-b59b-86b8d2bd19ad" testListId="8c84fa94-04c1-424b-9868-57a2d4851a1d" />
  </TestEntries>
  <Results>
    <UnitTestResult executionId="eea41832-8a1a-4581-b59b-86b8d2bd19ad" testId="9e19f2cb-56cb-46d1-725e-4510e488e06a" testName="DnPackageListTest" computerName="WANGSONG-PC" duration="00:00:06.2861758" startTime="2013-01-28T10:22:17.1350000+08:00" endTime="2013-01-28T10:22:24.8780000+08:00" testType="13cdc9d9-ddb5-4fa4-a97d-d965ccfc6d4b" outcome="Passed" testListId="8c84fa94-04c1-424b-9868-57a2d4851a1d" relativeResultsDirectory="eea41832-8a1a-4581-b59b-86b8d2bd19ad">
    </UnitTestResult>
  </Results>
</TestRun>